PRT1
28
69
120
4 0 20 0 (0 0 0 ) (0 0 64 ) (0 192 64 ) (0 192 0 ) 
4 0 14 0 (0 0 64 ) (0 0 0 ) (192 0 0 ) (192 0 64 ) 
4 0 2 0 (192 0 0 ) (153.235901 0 0 ) (179.748917 143.305634 0 ) (192 141.039062 0 ) 
4 0 1 0 (153.235901 0 0 ) (0 0 0 ) (0 192 0 ) (188.757874 192 0 ) 
4 1 21 0 (0 0 -64 ) (0 0 0 ) (0 256 0 ) (0 256 -64 ) 
4 1 16 0 (0 0 0 ) (0 0 -64 ) (64 0 -64 ) (64 0 0 ) 
4 1 15 0 (64 0 -64 ) (153.235901 0 -64 ) (153.235901 0 0 ) (64 0 0 ) 
4 1 12 0 (64 0 -64 ) (0 0 -64 ) (0 256 -64 ) (64 256 -64 ) 
4 1 10 0 (64 78.913689 -64 ) (64 143.055939 -64 ) (181.148636 150.871368 -64 ) (169.133362 85.927521 -64 ) 
5 1 7 0 (64 143.055939 -64 ) (64 198.747375 -64 ) (169.846359 224.738098 -64 ) (184.085938 166.747833 -64 ) (181.148636 150.871368 -64 ) 
4 1 6 0 (64 198.747375 -64 ) (64 256 -64 ) (200.598511 256 -64 ) (196.003021 231.160904 -64 ) 
4 1 5 0 (153.235901 0 -64 ) (64 0 -64 ) (64 78.913689 -64 ) (169.133362 85.927521 -64 ) 
4 1 3 0 (191.392151 206.237640 -64 ) (200.598633 256 -64 ) (200.598633 256 0 ) (191.392090 206.237640 0 ) 
4 1 2 0 (153.236328 0 -64 ) (179.749161 143.305603 -64 ) (179.749023 143.305634 0 ) (153.236023 0 0 ) 
4 2 15 0 (153.235901 0 -64 ) (256 0 -64 ) (256 0 0 ) (153.235901 0 0 ) 
4 2 11 0 (256 129.198395 -64 ) (256 91.722717 -64 ) (250.828781 91.377724 -64 ) (248.209503 130.639709 -64 ) 
4 2 10 0 (186.970764 87.117523 -64 ) (169.133362 85.927521 -64 ) (179.748901 143.305634 -64 ) (183.265656 142.654999 -64 ) 
4 2 5 0 (256 91.722717 -64 ) (256 0 -64 ) (153.235901 0 -64 ) (169.133362 85.927521 -64 ) 
4 2 4 0 (256 129.199219 0 ) (256 129.199219 -64 ) (242.681015 131.663132 -64 ) (242.681015 131.663132 0 ) 
4 3 9 0 (256 245.893219 -64 ) (256 194.284500 -64 ) (242.617554 196.760391 -64 ) (232 240 -64 ) 
4 3 6 0 (256 256 -64 ) (256 245.893219 -64 ) (196.003021 231.160889 -64 ) (200.598511 256 -64 ) 
4 3 4 0 (254.324112 194.595184 -64 ) (256 194.285126 -64 ) (256 194.285126 0 ) (254.324112 194.595184 0 ) 
5 4 11 0 (256 155.864975 -64 ) (256 129.198395 -64 ) (248.209488 130.639725 -64 ) (246.694107 153.354324 -64 ) (247.048111 155.267761 -64 ) 
4 4 9 0 (256 194.284500 -64 ) (256 179.992035 -64 ) (251.414017 178.865921 -64 ) (254.323990 194.594574 -64 ) 
4 4 8 0 (256 179.992035 -64 ) (256 155.864975 -64 ) (247.048111 155.267761 -64 ) (251.414017 178.865921 -64 ) 
4 5 15 0 (64 0 -128 ) (256 0 -128 ) (256 0 -64 ) (64 0 -64 ) 
4 5 13 0 (64 78.913681 -128 ) (64 64 -128 ) (64 64 -112 ) (64 78.913681 -112 ) 
4 5 12 0 (64 0 -112 ) (64 0 -64 ) (64 78.913689 -64 ) (64 78.913681 -112 ) 
4 5 11 0 (250.828781 91.378105 -64 ) (256 91.723099 -64 ) (256 91.723099 -128 ) (250.828781 91.378105 -128 ) 
4 5 10 0 (64 78.914062 -128 ) (64 78.914062 -64 ) (186.970749 87.117897 -64 ) (186.970749 87.117897 -128 ) 
4 6 13 0 (64 256 -112 ) (64 256 -128 ) (64 198.747391 -128 ) (64 198.747391 -112 ) 
4 6 12 0 (64 256 -64 ) (64 256 -112 ) (64 198.747391 -112 ) (64 198.747375 -64 ) 
4 6 9 0 (232 240 -128 ) (256 245.893677 -128 ) (256 245.893677 -64 ) (232 240 -64 ) 
4 6 7 0 (64 198.747772 -64 ) (64 198.747772 -128 ) (169.846268 224.738495 -128 ) (169.846252 224.738495 -64 ) 
4 7 13 0 (64 198.747391 -128 ) (64 143.055939 -128 ) (64 143.055939 -112 ) (64 198.747391 -112 ) 
4 7 12 0 (64 143.055939 -112 ) (64 143.055939 -64 ) (64 198.747375 -64 ) (64 198.747391 -112 ) 
4 7 10 0 (64 143.055771 -64 ) (64 143.055771 -128 ) (182.710571 150.975372 -128 ) (182.710571 150.975372 -64 ) 
4 7 8 0 (187.875977 151.316406 -64 ) (187.875977 151.316406 -128 ) (185.109009 162.584641 -128 ) (185.109009 162.584641 -64 ) 
4 8 11 0 (246.568604 155.235580 -128 ) (256 155.864777 -128 ) (256 155.864777 -64 ) (246.568604 155.235580 -64 ) 
4 8 9 0 (247.261658 177.847382 -64 ) (256 179.993088 -64 ) (256 179.993088 -128 ) (247.261658 177.847382 -128 ) 
4 10 13 0 (64 143.055939 -128 ) (64 78.913681 -128 ) (64 78.913681 -112 ) (64 143.055939 -112 ) 
4 10 12 0 (64 78.913681 -112 ) (64 78.913689 -64 ) (64 143.055939 -64 ) (64 143.055939 -112 ) 
4 12 21 0 (0 0 -112 ) (0 0 -64 ) (0 256 -64 ) (0 256 -112 ) 
4 12 16 0 (0 0 -64 ) (0 0 -112 ) (64 0 -112 ) (64 0 -64 ) 
4 12 13 0 (0 256 -112 ) (64 256 -112 ) (64 64 -112 ) (0 64 -112 ) 
4 13 22 0 (0 64 -112 ) (0 256 -112 ) (0 256 -128 ) (0 64 -128 ) 
4 14 24 0 (0 0 64 ) (0 0 0 ) (0 -192 0 ) (0 -192 64 ) 
4 14 16 0 (0 -192 0 ) (0 0 0 ) (64 0 0 ) (64 -192 0 ) 
4 14 15 0 (64 0 0 ) (192 0 0 ) (192 -192 0 ) (64 -192 0 ) 
4 15 19 0 (240 -240 -128 ) (176 -240 -128 ) (176 -176 -128 ) (240 -176 -128 ) 
4 15 18 0 (180 -256 -76 ) (180 -256 -36 ) (140 -256 -36 ) (140 -256 -76 ) 
4 15 17 0 (64 -64 -128 ) (64 -256 -128 ) (64 -256 -112 ) (64 -64 -112 ) 
4 15 16 0 (64 -256 -112 ) (64 -256 0 ) (64 0 0 ) (64 0 -112 ) 
4 16 25 0 (0 -256 0 ) (0 0 0 ) (0 0 -112 ) (0 -256 -112 ) 
4 16 17 0 (64 -64 -112 ) (64 -256 -112 ) (0 -256 -112 ) (0 -64 -112 ) 
4 17 26 0 (0 -64 -128 ) (0 -256 -128 ) (0 -256 -112 ) (0 -64 -112 ) 
4 20 24 0 (-192 0 0 ) (0 0 0 ) (0 0 64 ) (-192 0 64 ) 
4 20 23 0 (-64 0 0 ) (-192 0 0 ) (-192 192 0 ) (-64 192 0 ) 
4 20 21 0 (0 0 0 ) (-64 0 0 ) (-64 192 0 ) (0 192 0 ) 
4 21 25 0 (0 0 -112 ) (0 0 0 ) (-64 0 0 ) (-64 0 -112 ) 
4 21 23 0 (-64 256 0 ) (-64 256 -112 ) (-64 0 -112 ) (-64 0 0 ) 
4 21 22 0 (-64 64 -112 ) (-64 256 -112 ) (0 256 -112 ) (0 64 -112 ) 
4 22 23 0 (-64 256 -112 ) (-64 256 -128 ) (-64 64 -128 ) (-64 64 -112 ) 
4 23 27 0 (-256 0 -128 ) (-64 0 -128 ) (-64 0 0 ) (-256 0 0 ) 
4 24 27 0 (-192 0 0 ) (-64 0 0 ) (-64 -192 0 ) (-192 -192 0 ) 
4 24 25 0 (-64 0 0 ) (0 0 0 ) (0 -192 0 ) (-64 -192 0 ) 
4 25 27 0 (-64 -256 -112 ) (-64 -256 0 ) (-64 0 0 ) (-64 0 -112 ) 
4 25 26 0 (0 -256 -112 ) (-64 -256 -112 ) (-64 -64 -112 ) (0 -64 -112 ) 
4 26 27 0 (-64 -64 -128 ) (-64 -256 -128 ) (-64 -256 -112 ) (-64 -64 -112 ) 
4 0 (179.748917 143.305634 0 ) (188.757874 192 0 ) (192 192 0 ) (192 141.039062 0 ) 
4 0 (192 192 64 ) (192 192 0 ) (0 192 0 ) (0 192 64 ) 
4 0 (192 192 64 ) (192 0 64 ) (192 0 0 ) (192 192 0 ) 
4 0 (0 0 64 ) (192 0 64 ) (192 192 64 ) (0 192 64 ) 
3 1 (169.846359 224.738098 -64 ) (196.003021 231.160904 -64 ) (184.085938 166.747833 -64 ) 
4 1 (179.749161 143.305603 -64 ) (191.392151 206.237640 -64 ) (191.392090 206.237640 0 ) (179.749023 143.305634 0 ) 
4 1 (0 256 0 ) (200.598511 256 0 ) (200.598511 256 -64 ) (0 256 -64 ) 
3 1 (200.598511 256 0 ) (192 256 0 ) (192 209.524094 0 ) 
5 1 (188.757858 192 0 ) (192 209.524094 0 ) (192 256 0 ) (0 256 0 ) (0 192 0 ) 
4 2 (250.828781 91.377724 -64 ) (186.970764 87.117523 -64 ) (183.265656 142.654999 -64 ) (248.209503 130.639709 -64 ) 
4 2 (242.681015 131.663132 -64 ) (179.746094 143.305664 -64 ) (179.746094 143.305664 0 ) (242.681015 131.663132 0 ) 
4 2 (256 129.198395 0 ) (192 141.039047 0 ) (192 0 0 ) (256 0 0 ) 
4 2 (256 129.198395 -64 ) (256 129.198395 0 ) (256 0 0 ) (256 0 -64 ) 
4 3 (242.617554 196.760391 -64 ) (191.391968 206.237671 -64 ) (196.003021 231.160889 -64 ) (232 240 -64 ) 
4 3 (191.386719 206.239258 0 ) (191.386719 206.239258 -64 ) (254.324112 194.595184 -64 ) (254.324112 194.595184 0 ) 
4 3 (200.598511 256 0 ) (256 256 0 ) (256 256 -64 ) (200.598511 256 -64 ) 
4 3 (256 194.284500 -64 ) (256 256 -64 ) (256 256 0 ) (256 194.284500 0 ) 
5 3 (256 194.284500 0 ) (256 256 0 ) (200.598511 256 0 ) (192 209.524094 0 ) (192 206.125168 0 ) 
3 3 (191.391968 206.237656 0 ) (192 206.125168 0 ) (192 209.524094 0 ) 
3 4 (248.209488 130.639725 -64 ) (242.680908 131.662567 -64 ) (246.694107 153.354324 -64 ) 
4 4 (242.680908 131.662567 0 ) (256 129.198395 0 ) (256 194.284500 0 ) (254.323990 194.594574 0 ) 
4 4 (256 129.198395 -64 ) (256 194.284500 -64 ) (256 194.284500 0 ) (256 129.198395 0 ) 
4 4 (254.325195 194.597656 0 ) (254.325195 194.597656 -64 ) (242.682434 131.667191 -64 ) (242.682434 131.667191 0 ) 
4 5 (64 64 -128 ) (64 0 -128 ) (64 0 -112 ) (64 64 -112 ) 
4 5 (186.970749 87.117897 -64 ) (250.828781 91.378105 -64 ) (250.828781 91.378105 -128 ) (186.970749 87.117897 -128 ) 
4 5 (256 0 -128 ) (64 0 -128 ) (64 78.913689 -128 ) (256 91.722717 -128 ) 
4 5 (256 91.722710 -64 ) (256 0 -64 ) (256 0 -128 ) (256 91.722717 -128 ) 
4 6 (169.846268 224.738495 -128 ) (232 240 -128 ) (232 240 -64 ) (169.846252 224.738495 -64 ) 
4 6 (64 256 -64 ) (256 256 -64 ) (256 256 -128 ) (64 256 -128 ) 
4 6 (256 256 -64 ) (256 245.893219 -64 ) (256 245.893219 -128 ) (256 256 -128 ) 
4 6 (64 198.747375 -128 ) (64 256 -128 ) (256 256 -128 ) (256 245.893219 -128 ) 
4 7 (182.710571 150.975372 -128 ) (187.874298 151.319870 -128 ) (187.874313 151.319870 -64 ) (182.710571 150.975372 -64 ) 
4 7 (185.109009 162.584641 -128 ) (169.846436 224.740234 -128 ) (169.846436 224.740234 -64 ) (185.109009 162.584641 -64 ) 
3 7 (187.874252 151.320038 -64 ) (184.085938 166.747818 -64 ) (181.148636 150.871353 -64 ) 
4 7 (64 143.055939 -128 ) (64 198.747375 -128 ) (169.846375 224.738083 -128 ) (187.874252 151.320053 -128 ) 
4 8 (187.874298 151.319870 -128 ) (246.568604 155.235580 -128 ) (246.568604 155.235580 -64 ) (187.874313 151.319870 -64 ) 
4 8 (185.097656 162.583008 -128 ) (185.097656 162.583008 -64 ) (247.261658 177.847382 -64 ) (247.261658 177.847382 -128 ) 
4 8 (256 179.992035 -128 ) (256 155.864975 -128 ) (187.874252 151.320053 -128 ) (185.108261 162.584457 -128 ) 
4 8 (256 179.992020 -64 ) (256 155.864975 -64 ) (256 155.864975 -128 ) (256 179.992035 -128 ) 
4 8 (185.108261 162.584457 -64 ) (187.874252 151.320038 -64 ) (247.048111 155.267761 -64 ) (251.414017 178.865921 -64 ) 
4 9 (247.261902 177.846359 -64 ) (251.414017 178.865921 -64 ) (254.323990 194.594574 -64 ) (242.617554 196.760391 -64 ) 
4 9 (256 245.893219 -64 ) (256 179.992020 -64 ) (256 179.992035 -128 ) (256 245.893219 -128 ) 
4 9 (232 240 -128 ) (256 245.893219 -128 ) (256 179.992035 -128 ) (247.261902 177.846375 -128 ) 
4 9 (232.001495 240 -64 ) (232.001495 240 -128 ) (247.263672 177.843750 -128 ) (247.263672 177.843750 -64 ) 
4 10 (186.970947 87.117371 -64 ) (186.970947 87.117371 -128 ) (182.710449 150.980469 -128 ) (182.710449 150.980469 -64 ) 
4 10 (182.710556 150.975555 -64 ) (181.148636 150.871353 -64 ) (179.748901 143.305634 -64 ) (183.265656 142.654999 -64 ) 
4 10 (64 78.913689 -128 ) (64 143.055939 -128 ) (182.710556 150.975555 -128 ) (186.970764 87.117523 -128 ) 
4 11 (246.568604 155.235764 -128 ) (256 155.864975 -128 ) (256 91.722717 -128 ) (250.828781 91.377724 -128 ) 
4 11 (256 155.864975 -64 ) (256 91.722710 -64 ) (256 91.722717 -128 ) (256 155.864975 -128 ) 
3 11 (246.694107 153.354324 -64 ) (247.048111 155.267761 -64 ) (246.568588 155.235764 -64 ) 
4 11 (246.567871 155.238281 -64 ) (246.567871 155.238281 -128 ) (250.827820 91.384163 -128 ) (250.827820 91.384163 -64 ) 
4 12 (64 64 -112 ) (64 0 -112 ) (0 0 -112 ) (0 64 -112 ) 
4 12 (0 256 -112 ) (0 256 -64 ) (64 256 -64 ) (64 256 -112 ) 
4 13 (0 256 -112 ) (64 256 -112 ) (64 256 -128 ) (0 256 -128 ) 
4 13 (0 64 -128 ) (0 256 -128 ) (64 256 -128 ) (64 64 -128 ) 
4 13 (0 64 -128 ) (64 64 -128 ) (64 64 -112 ) (0 64 -112 ) 
4 14 (0 -192 64 ) (0 -192 0 ) (192 -192 0 ) (192 -192 64 ) 
4 14 (192 -192 64 ) (192 -192 0 ) (192 0 0 ) (192 0 64 ) 
4 14 (192 0 64 ) (0 0 64 ) (0 -192 64 ) (192 -192 64 ) 
4 15 (176 -240 -128 ) (64 -240 -128 ) (64 -176 -128 ) (176 -176 -128 ) 
4 15 (256 -176 -128 ) (256 -240 -128 ) (240 -240 -128 ) (240 -176 -128 ) 
4 15 (256 -240 -128 ) (256 -256 -128 ) (64 -256 -128 ) (64 -240 -128 ) 
4 15 (64 0 -128 ) (256 0 -128 ) (256 -176 -128 ) (64 -176 -128 ) 
4 15 (180 -256 -36 ) (180 -256 0 ) (140 -256 0 ) (140 -256 -36 ) 
4 15 (140 -256 0 ) (64 -256 0 ) (64 -256 -76 ) (140 -256 -76 ) 
4 15 (64 -256 -128 ) (180 -256 -128 ) (180 -256 -76 ) (64 -256 -76 ) 
4 15 (180 -256 -128 ) (256 -256 -128 ) (256 -256 0 ) (180 -256 0 ) 
4 15 (64 0 -128 ) (64 -64 -128 ) (64 -64 -112 ) (64 0 -112 ) 
4 15 (64 -256 0 ) (192 -256 0 ) (192 -192 0 ) (64 -192 0 ) 
4 15 (256 -256 0 ) (256 0 0 ) (192 0 0 ) (192 -256 0 ) 
4 15 (256 0 0 ) (256 -256 0 ) (256 -256 -128 ) (256 0 -128 ) 
4 16 (64 -256 -76 ) (64 -256 0 ) (0 -256 0 ) (0 -256 -76 ) 
4 16 (64 -256 -112 ) (64 -256 -76 ) (0 -256 -76 ) (0 -256 -112 ) 
4 16 (0 0 -112 ) (64 0 -112 ) (64 -64 -112 ) (0 -64 -112 ) 
4 16 (64 -256 0 ) (64 -192 0 ) (0 -192 0 ) (0 -256 0 ) 
4 17 (0 -240 -128 ) (0 -176 -128 ) (64 -176 -128 ) (64 -240 -128 ) 
4 17 (0 -256 -128 ) (0 -240 -128 ) (64 -240 -128 ) (64 -256 -128 ) 
4 17 (0 -176 -128 ) (0 -64 -128 ) (64 -64 -128 ) (64 -176 -128 ) 
4 17 (0 -256 -128 ) (64 -256 -128 ) (64 -256 -112 ) (0 -256 -112 ) 
4 17 (0 -64 -112 ) (64 -64 -112 ) (64 -64 -128 ) (0 -64 -128 ) 
4 18 (140 -256 -36 ) (140 -256 -76 ) (140 -288 -76 ) (140 -288 -36 ) 
4 18 (140 -256 -76 ) (180 -256 -76 ) (180 -288 -76 ) (140 -288 -76 ) 
4 18 (180 -288 -36 ) (180 -288 -76 ) (180 -256 -76 ) (180 -256 -36 ) 
4 18 (140 -288 -76 ) (180 -288 -76 ) (180 -288 -36 ) (140 -288 -36 ) 
4 18 (180 -256 -36 ) (140 -256 -36 ) (140 -288 -36 ) (180 -288 -36 ) 
4 19 (240 -240 -128 ) (240 -240 -192 ) (240 -176 -192 ) (240 -176 -128 ) 
4 19 (176 -176 -192 ) (240 -176 -192 ) (240 -240 -192 ) (176 -240 -192 ) 
4 19 (240 -176 -192 ) (176 -176 -192 ) (176 -176 -128 ) (240 -176 -128 ) 
4 19 (176 -240 -192 ) (240 -240 -192 ) (240 -240 -128 ) (176 -240 -128 ) 
4 19 (176 -176 -128 ) (176 -176 -192 ) (176 -240 -192 ) (176 -240 -128 ) 
4 20 (0 192 64 ) (0 192 0 ) (-192 192 0 ) (-192 192 64 ) 
4 20 (-192 192 0 ) (-192 0 0 ) (-192 0 64 ) (-192 192 64 ) 
4 20 (0 192 64 ) (-192 192 64 ) (-192 0 64 ) (0 0 64 ) 
4 21 (0 0 -112 ) (-64 0 -112 ) (-64 64 -112 ) (0 64 -112 ) 
4 21 (-64 192 0 ) (0 192 0 ) (0 256 0 ) (-64 256 0 ) 
4 21 (-64 256 -112 ) (-64 256 0 ) (0 256 0 ) (0 256 -112 ) 
4 22 (-64 256 -112 ) (0 256 -112 ) (0 256 -128 ) (-64 256 -128 ) 
4 22 (-64 64 -128 ) (-64 256 -128 ) (0 256 -128 ) (0 64 -128 ) 
4 22 (0 64 -112 ) (-64 64 -112 ) (-64 64 -128 ) (0 64 -128 ) 
4 23 (-64 0 -128 ) (-256 0 -128 ) (-256 256 -128 ) (-64 256 -128 ) 
4 23 (-64 192 0 ) (-64 256 0 ) (-192 256 0 ) (-192 192 0 ) 
4 23 (-192 256 0 ) (-256 256 0 ) (-256 0 0 ) (-192 0 0 ) 
4 23 (-256 256 0 ) (-64 256 0 ) (-64 256 -128 ) (-256 256 -128 ) 
4 23 (-64 64 -112 ) (-64 0 -112 ) (-64 0 -128 ) (-64 64 -128 ) 
4 23 (-256 256 0 ) (-256 256 -128 ) (-256 0 -128 ) (-256 0 0 ) 
4 24 (-192 -192 64 ) (-192 -192 0 ) (0 -192 0 ) (0 -192 64 ) 
4 24 (-192 0 64 ) (-192 0 0 ) (-192 -192 0 ) (-192 -192 64 ) 
4 24 (0 0 64 ) (-192 0 64 ) (-192 -192 64 ) (0 -192 64 ) 
4 25 (-64 -64 -112 ) (-64 0 -112 ) (0 0 -112 ) (0 -64 -112 ) 
4 25 (-64 -192 0 ) (-64 -256 0 ) (0 -256 0 ) (0 -192 0 ) 
4 25 (0 -256 -112 ) (0 -256 0 ) (-64 -256 0 ) (-64 -256 -112 ) 
4 26 (-64 -256 -128 ) (0 -256 -128 ) (0 -256 -112 ) (-64 -256 -112 ) 
4 26 (0 -64 -128 ) (0 -256 -128 ) (-64 -256 -128 ) (-64 -64 -128 ) 
4 26 (0 -64 -128 ) (-64 -64 -128 ) (-64 -64 -112 ) (0 -64 -112 ) 
4 27 (-256 0 -128 ) (-64 0 -128 ) (-64 -256 -128 ) (-256 -256 -128 ) 
4 27 (-64 -192 0 ) (-192 -192 0 ) (-192 -256 0 ) (-64 -256 0 ) 
4 27 (-256 -256 0 ) (-192 -256 0 ) (-192 0 0 ) (-256 0 0 ) 
4 27 (-256 -256 -128 ) (-64 -256 -128 ) (-64 -256 0 ) (-256 -256 0 ) 
4 27 (-64 0 -112 ) (-64 -64 -112 ) (-64 -64 -128 ) (-64 0 -128 ) 
4 27 (-256 0 -128 ) (-256 -256 -128 ) (-256 -256 0 ) (-256 0 0 ) 
